This is pdfTeX, Version 3.141592653-2.6-1.40.26 (MiKTeX 24.4 Portable) (preloaded format=pdflatex 2025.11.17)  17 NOV 2025 12:02
entering extended mode
 restricted \write18 enabled.
 %&-line parsing enabled.
**./manuscript.tex
(manuscript.tex
LaTeX2e <2024-06-01> patch level 1
L3 programming layer <2024-05-27>

(C:\Users\uqsmoha8\AppData\Local\anaconda3\envs\RERITE_demo\Library\miktex\texm
fs\install\tex/latex/elsarticle\elsarticle.cls
Document Class: elsarticle 2025/01/11, 3.4c: Elsevier Ltd

(C:\Users\uqsmoha8\AppData\Local\anaconda3\envs\RERITE_demo\Library\miktex\texm
fs\install\tex/latex/base\fontenc.sty
Package: fontenc 2021/04/29 v2.0v Standard LaTeX package
)
(C:\Users\uqsmoha8\AppData\Local\anaconda3\envs\RERITE_demo\Library\miktex\texm
fs\install\tex/latex/l3kernel\expl3.sty
Package: expl3 2024-05-27 L3 programming layer (loader) 

(C:\Users\uqsmoha8\AppData\Local\anaconda3\envs\RERITE_demo\Library\miktex\texm
fs\install\tex/latex/l3backend\l3backend-pdftex.def
File: l3backend-pdftex.def 2024-05-08 L3 backend support: PDF output (pdfTeX)
\l__color_backend_stack_int=\count194
\l__pdf_internal_box=\box52
))
(C:\Users\uqsmoha8\AppData\Local\anaconda3\envs\RERITE_demo\Library\miktex\texm
fs\install\tex/latex/l3packages/xparse\xparse.sty
Package: xparse 2025-10-09 L3 Experimental document command parser
)
(C:\Users\uqsmoha8\AppData\Local\anaconda3\envs\RERITE_demo\Library\miktex\texm
fs\install\tex/latex/etoolbox\etoolbox.sty
Package: etoolbox 2020/10/05 v2.5k e-TeX tools for LaTeX (JAW)
\etb@tempcnta=\count195
)
\@bls=\dimen141

(C:\Users\uqsmoha8\AppData\Local\anaconda3\envs\RERITE_demo\Library\miktex\texm
fs\install\tex/latex/base\article.cls
Document Class: article 2024/02/08 v1.4n Standard LaTeX document class

(C:\Users\uqsmoha8\AppData\Local\anaconda3\envs\RERITE_demo\Library\miktex\texm
fs\install\tex/latex/base\size12.clo
File: size12.clo 2024/02/08 v1.4n Standard LaTeX file (size option)
)
\c@part=\count196
\c@section=\count197
\c@subsection=\count198
\c@subsubsection=\count199
\c@paragraph=\count266
\c@subparagraph=\count267
\c@figure=\count268
\c@table=\count269
\abovecaptionskip=\skip49
\belowcaptionskip=\skip50
\bibindent=\dimen142
)
(C:\Users\uqsmoha8\AppData\Local\anaconda3\envs\RERITE_demo\Library\miktex\texm
fs\install\tex/latex/graphics\graphicx.sty
Package: graphicx 2021/09/16 v1.2d Enhanced LaTeX Graphics (DPC,SPQR)

(C:\Users\uqsmoha8\AppData\Local\anaconda3\envs\RERITE_demo\Library\miktex\texm
fs\install\tex/latex/graphics\keyval.sty
Package: keyval 2022/05/29 v1.15 key=value parser (DPC)
\KV@toks@=\toks17
)
(C:\Users\uqsmoha8\AppData\Local\anaconda3\envs\RERITE_demo\Library\miktex\texm
fs\install\tex/latex/graphics\graphics.sty
Package: graphics 2024/05/23 v1.4g Standard LaTeX Graphics (DPC,SPQR)

(C:\Users\uqsmoha8\AppData\Local\anaconda3\envs\RERITE_demo\Library\miktex\texm
fs\install\tex/latex/graphics\trig.sty
Package: trig 2023/12/02 v1.11 sin cos tan (DPC)
)
(C:\Users\uqsmoha8\AppData\Local\anaconda3\envs\RERITE_demo\Library\miktex\texm
fs\install\tex/latex/graphics-cfg\graphics.cfg
File: graphics.cfg 2016/06/04 v1.11 sample graphics configuration
)
Package graphics Info: Driver file: pdftex.def on input line 106.

(C:\Users\uqsmoha8\AppData\Local\anaconda3\envs\RERITE_demo\Library\miktex\texm
fs\install\tex/latex/graphics-def\pdftex.def
File: pdftex.def 2024/04/13 v1.2c Graphics/color driver for pdftex
))
\Gin@req@height=\dimen143
\Gin@req@width=\dimen144
)
\c@tnote=\count270
\c@fnote=\count271
\c@cnote=\count272
\c@ead=\count273
\c@elsarticle@author=\count274
\@eadauthor=\toks18
\c@affn=\count275
\absbox=\box53
\elsarticlehighlightsbox=\box54
\elsarticlegrabsbox=\box55
\keybox=\box56
\Columnwidth=\dimen145
\space@left=\dimen146
\els@boxa=\box57
\els@boxb=\box58
\leftMargin=\dimen147
\@enLab=\toks19
\@sep=\skip51
\@@sep=\skip52
 (manuscript.spl)
(C:\Users\uqsmoha8\AppData\Local\anaconda3\envs\RERITE_demo\Library\miktex\texm
fs\install\tex/latex/natbib\natbib.sty
Package: natbib 2010/09/13 8.31b (PWD, AO)
\bibhang=\skip53
\bibsep=\skip54
LaTeX Info: Redefining \cite on input line 694.
\c@NAT@ctr=\count276
)
\splwrite=\write3
\openout3 = `manuscript.spl'.

\appnamewidth=\dimen148
)
(C:\Users\uqsmoha8\AppData\Local\anaconda3\envs\RERITE_demo\Library\miktex\texm
fs\install\tex/latex/booktabs\booktabs.sty
Package: booktabs 2020/01/12 v1.61803398 Publication quality tables
\heavyrulewidth=\dimen149
\lightrulewidth=\dimen150
\cmidrulewidth=\dimen151
\belowrulesep=\dimen152
\belowbottomsep=\dimen153
\aboverulesep=\dimen154
\abovetopsep=\dimen155
\cmidrulesep=\dimen156
\cmidrulekern=\dimen157
\defaultaddspace=\dimen158
\@cmidla=\count277
\@cmidlb=\count278
\@aboverulesep=\dimen159
\@belowrulesep=\dimen160
\@thisruleclass=\count279
\@lastruleclass=\count280
\@thisrulewidth=\dimen161
)
(C:\Users\uqsmoha8\AppData\Local\anaconda3\envs\RERITE_demo\Library\miktex\texm
fs\install\tex/latex/siunitx\siunitx.sty
Package: siunitx 2025-07-09 v3.4.14 A comprehensive (SI) units package
\l__siunitx_number_uncert_offset_int=\count281
\l__siunitx_number_exponent_fixed_int=\count282
\l__siunitx_number_min_decimal_int=\count283
\l__siunitx_number_min_integer_int=\count284
\l__siunitx_number_round_precision_int=\count285
\l__siunitx_number_lower_threshold_int=\count286
\l__siunitx_number_upper_threshold_int=\count287
\l__siunitx_number_group_first_int=\count288
\l__siunitx_number_group_size_int=\count289
\l__siunitx_number_group_minimum_int=\count290
\l__siunitx_angle_tmp_dim=\dimen162
\l__siunitx_angle_marker_box=\box59
\l__siunitx_angle_unit_box=\box60
\l__siunitx_compound_count_int=\count291

(C:\Users\uqsmoha8\AppData\Local\anaconda3\envs\RERITE_demo\Library\miktex\texm
fs\install\tex/latex/translations\translations.sty
Package: translations 2022/02/05 v1.12 internationalization of LaTeX2e packages
 (CN)

(C:\Users\uqsmoha8\AppData\Local\anaconda3\envs\RERITE_demo\Library\miktex\texm
fs\install\tex/generic/pdftexcmds\pdftexcmds.sty
Package: pdftexcmds 2020-06-27 v0.33 Utility functions of pdfTeX for LuaTeX (HO
)

(C:\Users\uqsmoha8\AppData\Local\anaconda3\envs\RERITE_demo\Library\miktex\texm
fs\install\tex/generic/infwarerr\infwarerr.sty
Package: infwarerr 2019/12/03 v1.5 Providing info/warning/error messages (HO)
)
(C:\Users\uqsmoha8\AppData\Local\anaconda3\envs\RERITE_demo\Library\miktex\texm
fs\install\tex/generic/iftex\iftex.sty
Package: iftex 2022/02/03 v1.0f TeX engine tests
)
(C:\Users\uqsmoha8\AppData\Local\anaconda3\envs\RERITE_demo\Library\miktex\texm
fs\install\tex/generic/ltxcmds\ltxcmds.sty
Package: ltxcmds 2023-12-04 v1.26 LaTeX kernel commands for general use (HO)
)
Package pdftexcmds Info: \pdf@primitive is available.
Package pdftexcmds Info: \pdf@ifprimitive is available.
Package pdftexcmds Info: \pdfdraftmode found.
))
(C:\Users\uqsmoha8\AppData\Local\anaconda3\envs\RERITE_demo\Library\miktex\texm
fs\install\tex/latex/amsmath\amstext.sty
Package: amstext 2021/08/26 v2.01 AMS text

(C:\Users\uqsmoha8\AppData\Local\anaconda3\envs\RERITE_demo\Library\miktex\texm
fs\install\tex/latex/amsmath\amsgen.sty
File: amsgen.sty 1999/11/30 v2.0 generic functions
\@emptytoks=\toks20
\ex@=\dimen163
))
\l__siunitx_table_tmp_box=\box61
\l__siunitx_table_tmp_dim=\dimen164
\l__siunitx_table_column_width_dim=\dimen165
\l__siunitx_table_integer_box=\box62
\l__siunitx_table_decimal_box=\box63
\l__siunitx_table_uncert_box=\box64
\l__siunitx_table_before_box=\box65
\l__siunitx_table_after_box=\box66
\l__siunitx_table_before_dim=\dimen166
\l__siunitx_table_carry_dim=\dimen167
\l__siunitx_unit_tmp_int=\count292
\l__siunitx_unit_position_int=\count293
\l__siunitx_unit_total_int=\count294

(C:\Users\uqsmoha8\AppData\Local\anaconda3\envs\RERITE_demo\Library\miktex\texm
fs\install\tex/latex/tools\array.sty
Package: array 2024/05/23 v2.6c Tabular extension package (FMi)
\col@sep=\dimen168
\ar@mcellbox=\box67
\extrarowheight=\dimen169
\NC@list=\toks21
\extratabsurround=\skip55
\backup@length=\skip56
\ar@cellbox=\box68
))
(C:\Users\uqsmoha8\AppData\Local\anaconda3\envs\RERITE_demo\Library\miktex\texm
fs\install\tex/latex/hyperref\hyperref.sty
Package: hyperref 2024-05-23 v7.01i Hypertext links for LaTeX

(C:\Users\uqsmoha8\AppData\Local\anaconda3\envs\RERITE_demo\Library\miktex\texm
fs\install\tex/latex/kvsetkeys\kvsetkeys.sty
Package: kvsetkeys 2022-10-05 v1.19 Key value parser (HO)
)
(C:\Users\uqsmoha8\AppData\Local\anaconda3\envs\RERITE_demo\Library\miktex\texm
fs\install\tex/generic/kvdefinekeys\kvdefinekeys.sty
Package: kvdefinekeys 2019-12-19 v1.6 Define keys (HO)
)
(C:\Users\uqsmoha8\AppData\Local\anaconda3\envs\RERITE_demo\Library\miktex\texm
fs\install\tex/generic/pdfescape\pdfescape.sty
Package: pdfescape 2019/12/09 v1.15 Implements pdfTeX's escape features (HO)
)
(C:\Users\uqsmoha8\AppData\Local\anaconda3\envs\RERITE_demo\Library\miktex\texm
fs\install\tex/latex/hycolor\hycolor.sty
Package: hycolor 2020-01-27 v1.10 Color options for hyperref/bookmark (HO)
)
(C:\Users\uqsmoha8\AppData\Local\anaconda3\envs\RERITE_demo\Library\miktex\texm
fs\install\tex/latex/hyperref\nameref.sty
Package: nameref 2023-11-26 v2.56 Cross-referencing by name of section

(C:\Users\uqsmoha8\AppData\Local\anaconda3\envs\RERITE_demo\Library\miktex\texm
fs\install\tex/latex/refcount\refcount.sty
Package: refcount 2019/12/15 v3.6 Data extraction from label references (HO)
)
(C:\Users\uqsmoha8\AppData\Local\anaconda3\envs\RERITE_demo\Library\miktex\texm
fs\install\tex/generic/gettitlestring\gettitlestring.sty
Package: gettitlestring 2019/12/15 v1.6 Cleanup title references (HO)

(C:\Users\uqsmoha8\AppData\Local\anaconda3\envs\RERITE_demo\Library\miktex\texm
fs\install\tex/latex/kvoptions\kvoptions.sty
Package: kvoptions 2022-06-15 v3.15 Key value format for package options (HO)
))
\c@section@level=\count295
)
(C:\Users\uqsmoha8\AppData\Local\anaconda3\envs\RERITE_demo\Library\miktex\texm
fs\install\tex/generic/stringenc\stringenc.sty
Package: stringenc 2019/11/29 v1.12 Convert strings between diff. encodings (HO
)
)
\@linkdim=\dimen170
\Hy@linkcounter=\count296
\Hy@pagecounter=\count297

(C:\Users\uqsmoha8\AppData\Local\anaconda3\envs\RERITE_demo\Library\miktex\texm
fs\install\tex/latex/hyperref\pd1enc.def
File: pd1enc.def 2024-05-23 v7.01i Hyperref: PDFDocEncoding definition (HO)
Now handling font encoding PD1 ...
... no UTF-8 mapping file for font encoding PD1
)
(C:\Users\uqsmoha8\AppData\Local\anaconda3\envs\RERITE_demo\Library\miktex\texm
fs\install\tex/generic/intcalc\intcalc.sty
Package: intcalc 2019/12/15 v1.3 Expandable calculations with integers (HO)
)
\Hy@SavedSpaceFactor=\count298

(C:\Users\uqsmoha8\AppData\Local\anaconda3\envs\RERITE_demo\Library\miktex\texm
fs\install\tex/latex/hyperref\puenc.def
File: puenc.def 2024-05-23 v7.01i Hyperref: PDF Unicode definition (HO)
Now handling font encoding PU ...
... no UTF-8 mapping file for font encoding PU
)
Package hyperref Info: Hyper figures OFF on input line 4157.
Package hyperref Info: Link nesting OFF on input line 4162.
Package hyperref Info: Hyper index ON on input line 4165.
Package hyperref Info: Plain pages OFF on input line 4172.
Package hyperref Info: Backreferencing OFF on input line 4177.
Package hyperref Info: Implicit mode ON; LaTeX internals redefined.
Package hyperref Info: Bookmarks ON on input line 4424.
\c@Hy@tempcnt=\count299

(C:\Users\uqsmoha8\AppData\Local\anaconda3\envs\RERITE_demo\Library\miktex\texm
fs\install\tex/latex/url\url.sty
\Urlmuskip=\muskip17
Package: url 2013/09/16  ver 3.4  Verb mode for urls, etc.
)
LaTeX Info: Redefining \url on input line 4763.
\XeTeXLinkMargin=\dimen171

(C:\Users\uqsmoha8\AppData\Local\anaconda3\envs\RERITE_demo\Library\miktex\texm
fs\install\tex/generic/bitset\bitset.sty
Package: bitset 2019/12/09 v1.3 Handle bit-vector datatype (HO)

(C:\Users\uqsmoha8\AppData\Local\anaconda3\envs\RERITE_demo\Library\miktex\texm
fs\install\tex/generic/bigintcalc\bigintcalc.sty
Package: bigintcalc 2019/12/15 v1.5 Expandable calculations on big integers (HO
)
))
\Fld@menulength=\count300
\Field@Width=\dimen172
\Fld@charsize=\dimen173
Package hyperref Info: Hyper figures OFF on input line 6042.
Package hyperref Info: Link nesting OFF on input line 6047.
Package hyperref Info: Hyper index ON on input line 6050.
Package hyperref Info: backreferencing OFF on input line 6057.
Package hyperref Info: Link coloring OFF on input line 6062.
Package hyperref Info: Link coloring with OCG OFF on input line 6067.
Package hyperref Info: PDF/A mode OFF on input line 6072.

(C:\Users\uqsmoha8\AppData\Local\anaconda3\envs\RERITE_demo\Library\miktex\texm
fs\install\tex/latex/base\atbegshi-ltx.sty
Package: atbegshi-ltx 2021/01/10 v1.0c Emulation of the original atbegshi
package with kernel methods
)
\Hy@abspage=\count301
\c@Item=\count302
\c@Hfootnote=\count303
)
Package hyperref Info: Driver (autodetected): hpdftex.

(C:\Users\uqsmoha8\AppData\Local\anaconda3\envs\RERITE_demo\Library\miktex\texm
fs\install\tex/latex/hyperref\hpdftex.def
File: hpdftex.def 2024-05-23 v7.01i Hyperref driver for pdfTeX

(C:\Users\uqsmoha8\AppData\Local\anaconda3\envs\RERITE_demo\Library\miktex\texm
fs\install\tex/latex/base\atveryend-ltx.sty
Package: atveryend-ltx 2020/08/19 v1.0a Emulation of the original atveryend pac
kage
with kernel methods
)
\Fld@listcount=\count304
\c@bookmark@seq@number=\count305

(C:\Users\uqsmoha8\AppData\Local\anaconda3\envs\RERITE_demo\Library\miktex\texm
fs\install\tex/latex/rerunfilecheck\rerunfilecheck.sty
Package: rerunfilecheck 2022-07-10 v1.10 Rerun checks for auxiliary files (HO)

(C:\Users\uqsmoha8\AppData\Local\anaconda3\envs\RERITE_demo\Library\miktex\texm
fs\install\tex/generic/uniquecounter\uniquecounter.sty
Package: uniquecounter 2019/12/15 v1.4 Provide unlimited unique counter (HO)
)
Package uniquecounter Info: New unique counter `rerunfilecheck' on input line 2
85.
)
\Hy@SectionHShift=\skip57
)
(C:\Users\uqsmoha8\AppData\Local\anaconda3\envs\RERITE_demo\Library\miktex\texm
fs\install\tex/latex/caption\caption.sty
Package: caption 2023/08/05 v3.6o Customizing captions (AR)

(C:\Users\uqsmoha8\AppData\Local\anaconda3\envs\RERITE_demo\Library\miktex\texm
fs\install\tex/latex/caption\caption3.sty
Package: caption3 2023/07/31 v2.4d caption3 kernel (AR)
\caption@tempdima=\dimen174
\captionmargin=\dimen175
\caption@leftmargin=\dimen176
\caption@rightmargin=\dimen177
\caption@width=\dimen178
\caption@indent=\dimen179
\caption@parindent=\dimen180
\caption@hangindent=\dimen181
Package caption Info: elsarticle document class detected.

(C:\Users\uqsmoha8\AppData\Local\anaconda3\envs\RERITE_demo\Library\miktex\texm
fs\install\tex/latex/caption\caption-elsarticle.sto
File: caption-elsarticle.sto 2020/08/22 v2.0 Adaption of the caption package to
 the elsarticle document class (AR)
))
\c@caption@flags=\count306
\c@continuedfloat=\count307
Package caption Info: hyperref package is loaded.
)
Package translations Info: No language package found. I am going to use `englis
h' as default language. on input line 10.

(C:\Users\uqsmoha8\AppData\Local\anaconda3\envs\RERITE_demo\Library\miktex\texm
fs\install\tex/latex/graphics\color.sty
Package: color 2024/01/14 v1.3d Standard LaTeX Color (DPC)

(C:\Users\uqsmoha8\AppData\Local\anaconda3\envs\RERITE_demo\Library\miktex\texm
fs\install\tex/latex/graphics-cfg\color.cfg
File: color.cfg 2016/01/02 v1.6 sample color configuration
)
Package color Info: Driver file: pdftex.def on input line 149.

(C:\Users\uqsmoha8\AppData\Local\anaconda3\envs\RERITE_demo\Library\miktex\texm
fs\install\tex/latex/graphics\mathcolor.ltx)) (manuscript.aux)
\openout1 = `manuscript.aux'.

LaTeX Font Info:    Checking defaults for OML/cmm/m/it on input line 10.
LaTeX Font Info:    ... okay on input line 10.
LaTeX Font Info:    Checking defaults for OMS/cmsy/m/n on input line 10.
LaTeX Font Info:    ... okay on input line 10.
LaTeX Font Info:    Checking defaults for OT1/cmr/m/n on input line 10.
LaTeX Font Info:    ... okay on input line 10.
LaTeX Font Info:    Checking defaults for T1/cmr/m/n on input line 10.
LaTeX Font Info:    ... okay on input line 10.
LaTeX Font Info:    Checking defaults for TS1/cmr/m/n on input line 10.
LaTeX Font Info:    ... okay on input line 10.
LaTeX Font Info:    Checking defaults for OMX/cmex/m/n on input line 10.
LaTeX Font Info:    ... okay on input line 10.
LaTeX Font Info:    Checking defaults for U/cmr/m/n on input line 10.
LaTeX Font Info:    ... okay on input line 10.
LaTeX Font Info:    Checking defaults for PD1/pdf/m/n on input line 10.
LaTeX Font Info:    ... okay on input line 10.
LaTeX Font Info:    Checking defaults for PU/pdf/m/n on input line 10.
LaTeX Font Info:    ... okay on input line 10.

(C:\Users\uqsmoha8\AppData\Local\anaconda3\envs\RERITE_demo\Library\miktex\texm
fs\install\tex/context/base/mkii\supp-pdf.mkii
[Loading MPS to PDF converter (version 2006.09.02).]
\scratchcounter=\count308
\scratchdimen=\dimen182
\scratchbox=\box69
\nofMPsegments=\count309
\nofMParguments=\count310
\everyMPshowfont=\toks22
\MPscratchCnt=\count311
\MPscratchDim=\dimen183
\MPnumerator=\count312
\makeMPintoPDFobject=\count313
\everyMPtoPDFconversion=\toks23
)
(C:\Users\uqsmoha8\AppData\Local\anaconda3\envs\RERITE_demo\Library\miktex\texm
fs\install\tex/latex/epstopdf-pkg\epstopdf-base.sty
Package: epstopdf-base 2020-01-24 v2.11 Base part for package epstopdf
Package epstopdf-base Info: Redefining graphics rule for `.eps' on input line 4
85.

(C:\Users\uqsmoha8\AppData\Local\anaconda3\envs\RERITE_demo\Library\miktex\texm
fs\install\tex/latex/00miktex\epstopdf-sys.cfg
File: epstopdf-sys.cfg 2021/03/18 v2.0 Configuration of epstopdf for MiKTeX
))
(C:\Users\uqsmoha8\AppData\Local\anaconda3\envs\RERITE_demo\Library\miktex\texm
fs\install\tex/latex/translations/dicts\translations-basic-dictionary-english.t
rsl
File: translations-basic-dictionary-english.trsl (english translation file `tra
nslations-basic-dictionary')
)
Package translations Info: loading dictionary `translations-basic-dictionary' f
or `english'. on input line 10.
Package hyperref Info: Link coloring OFF on input line 10.
 (manuscript.out) (manuscript.out)
\@outlinefile=\write4
\openout4 = `manuscript.out'.

Package caption Info: Begin \AtBeginDocument code.
Package caption Info: End \AtBeginDocument code.
LaTeX Font Info:    External font `cmex10' loaded for size
(Font)              <12> on input line 22.
LaTeX Font Info:    External font `cmex10' loaded for size
(Font)              <8> on input line 22.
LaTeX Font Info:    External font `cmex10' loaded for size
(Font)              <6> on input line 22.
LaTeX Font Info:    External font `cmex10' loaded for size
(Font)              <7> on input line 22.
LaTeX Font Info:    External font `cmex10' loaded for size
(Font)              <5> on input line 22.
<mtcars_mpg_vs_hp.png, id=31, 462.528pt x 346.896pt>
File: mtcars_mpg_vs_hp.png Graphic file (type png)
<use mtcars_mpg_vs_hp.png>
Package pdftex.def Info: mtcars_mpg_vs_hp.png  used on input line 31.
(pdftex.def)             Requested size: 350.99762pt x 263.26257pt.

Overfull \hbox (12.25754pt too wide) in paragraph at lines 41--52
 [][] 
 []



[1


{C:/Users/uqsmoha8/AppData/Local/anaconda3/envs/RERITE_demo/Library/miktex/texm
fs/data/fonts/map/pdftex/pdftex.map}]
No file manuscript.bbl.


[2 <./mtcars_mpg_vs_hp.png>] (manuscript.aux)
 ***********
LaTeX2e <2024-06-01> patch level 1
L3 programming layer <2024-05-27>
 ***********
Package rerunfilecheck Info: File `manuscript.out' has not changed.
(rerunfilecheck)             Checksum: 85CD3CF5BF083FD5B45E966C29D25B56;596.
 ) 
Here is how much of TeX's memory you used:
 14932 strings out of 475854
 306215 string characters out of 5774545
 1938908 words of memory out of 5000000
 37393 multiletter control sequences out of 15000+600000
 567466 words of font info for 54 fonts, out of 8000000 for 9000
 0 hyphenation exceptions out of 8191
 75i,9n,80p,277b,1023s stack positions out of 10000i,1000n,20000p,200000b,200000s
 <C:\Users\uqsmoha8\AppData\Local\anaconda3\envs\RERITE_demo\Library\miktex\t
exmfs/data\fonts/pk/ljfour/jknappen/ec/dpi600\ecrm1095.pk> <C:\Users\uqsmoha8\A
ppData\Local\anaconda3\envs\RERITE_demo\Library\miktex\texmfs/data\fonts/pk/ljf
our/jknappen/ec/dpi600\ecti1200.pk> <C:\Users\uqsmoha8\AppData\Local\anaconda3\
envs\RERITE_demo\Library\miktex\texmfs/data\fonts/pk/ljfour/jknappen/ec/dpi600\
ecbx1200.pk> <C:\Users\uqsmoha8\AppData\Local\anaconda3\envs\RERITE_demo\Librar
y\miktex\texmfs/data\fonts/pk/ljfour/jknappen/ec/dpi600\ecti1000.pk> <C:\Users\
uqsmoha8\AppData\Local\anaconda3\envs\RERITE_demo\Library\miktex\texmfs/data\fo
nts/pk/ljfour/jknappen/ec/dpi600\ecti0700.pk> <C:\Users\uqsmoha8\AppData\Local\
anaconda3\envs\RERITE_demo\Library\miktex\texmfs/data\fonts/pk/ljfour/jknappen/
ec/dpi600\ecrm0800.pk> <C:\Users\uqsmoha8\AppData\Local\anaconda3\envs\RERITE_d
emo\Library\miktex\texmfs/data\fonts/pk/ljfour/jknappen/ec/dpi600\ecrm1200.pk> 
<C:\Users\uqsmoha8\AppData\Local\anaconda3\envs\RERITE_demo\Library\miktex\texm
fs/data\fonts/pk/ljfour/jknappen/ec/dpi600\ecrm1728.pk>
Output written on manuscript.pdf (2 pages, 90493 bytes).
PDF statistics:
 249 PDF objects out of 1000 (max. 8388607)
 13 named destinations out of 1000 (max. 500000)
 62 words of extra memory for PDF output out of 10000 (max. 10000000)

